<?xml version="1.0" encoding="UTF-8"?>
<!-- Generated by org.testng.reporters.JUnitReportReporter -->
<testsuite hostname="192.168.1.10.non-exists.ptr.local" failures="0" tests="1" name="tests.GoogleNavigationTest" time="8.165" errors="0" timestamp="2025-05-18T22:34:26 GMT+07:00" skipped="0">
  <testcase classname="tests.GoogleNavigationTest" name="searchTest" time="8.165"/>
</testsuite> <!-- tests.GoogleNavigationTest -->
