<?xml version="1.0" encoding="UTF-8"?>
<!-- Generated by org.testng.reporters.JUnitReportReporter -->
<testsuite hostname="192.168.1.10.non-exists.ptr.local" failures="0" tests="2" name="tests.GoogleTest" time="23.460" errors="0" timestamp="2025-05-18T21:57:53 GMT+07:00" skipped="0">
  <testcase classname="tests.GoogleTest" name="searchTest" time="13.569"/>
  <testcase classname="tests.GoogleTest" name="searchTest" time="9.891"/>
</testsuite> <!-- tests.GoogleTest -->
